<?xml version="1.0" encoding="UTF-8"?>
<!-- Generated by org.testng.reporters.JUnitReportReporter -->
<testsuite hostname="DESKTOP-QARGP3R" failures="0" tests="1" name="MavenTestNG.GameOn" time="0.000" errors="0" timestamp="2022-04-07T12:25:57 IST" skipped="1">
  <testcase classname="MavenTestNG.GameOn" name="test" time="0.000">
    <skipped/>
  </testcase> <!-- test -->
  <system-out/>
</testsuite> <!-- MavenTestNG.GameOn -->
