<?xml version="1.0" encoding="UTF-8"?>
<!-- Generated by org.testng.reporters.JUnitReportReporter -->
<testsuite hostname="DESKTOP-QARGP3R" failures="0" tests="4" name="MavenTestNG.LoginDataGW" time="72.951" errors="0" timestamp="2022-04-07T15:13:14 IST" skipped="0">
  <testcase classname="MavenTestNG.LoginDataGW" name="Logintest" time="18.735"/>
  <system-out/>
  <testcase classname="MavenTestNG.LoginDataGW" name="Logintest1" time="17.181"/>
  <system-out/>
  <testcase classname="MavenTestNG.LoginDataGW" name="Logintest2" time="19.637"/>
  <system-out/>
  <testcase classname="MavenTestNG.LoginDataGW" name="Logintest3" time="17.398"/>
  <system-out/>
</testsuite> <!-- MavenTestNG.LoginDataGW -->
