<?xml version="1.0" encoding="UTF-8"?>
<!-- Generated by org.testng.reporters.JUnitReportReporter -->
<testsuite hostname="DESKTOP-QARGP3R" failures="0" tests="5" name="MavenTestNG.SigninDataGW" time="106.613" errors="0" timestamp="2022-04-07T15:13:14 IST" skipped="0">
  <testcase classname="MavenTestNG.SigninDataGW" name="signin" time="25.144"/>
  <system-out/>
  <testcase classname="MavenTestNG.SigninDataGW" name="signin1" time="19.991"/>
  <system-out/>
  <testcase classname="MavenTestNG.SigninDataGW" name="signin2" time="19.379"/>
  <system-out/>
  <testcase classname="MavenTestNG.SigninDataGW" name="signin3" time="21.909"/>
  <system-out/>
  <testcase classname="MavenTestNG.SigninDataGW" name="signin4" time="20.190"/>
  <system-out/>
</testsuite> <!-- MavenTestNG.SigninDataGW -->
