<?xml version="1.0" encoding="UTF-8"?>
<!-- Generated by org.testng.reporters.JUnitReportReporter -->
<testsuite hostname="DESKTOP-QARGP3R" failures="0" tests="3" name="MavenTestNG.NaviPathGW" time="53.943" errors="0" timestamp="2022-04-07T15:13:14 IST" skipped="0">
  <testcase classname="MavenTestNG.NaviPathGW" name="Navipage" time="29.630"/>
  <system-out/>
  <testcase classname="MavenTestNG.NaviPathGW" name="Navipriceplan" time="13.201"/>
  <system-out/>
  <testcase classname="MavenTestNG.NaviPathGW" name="NaviHome" time="11.112"/>
  <system-out/>
</testsuite> <!-- MavenTestNG.NaviPathGW -->
